<?xml version="1.0" encoding="UTF-8"?>
<testsuite xmlns:xsi="http://www.w3.org/2001/XMLSchema-instance" xsi:noNamespaceSchemaLocation="https://maven.apache.org/surefire/maven-surefire-plugin/xsd/surefire-test-report.xsd" name="by.gstu.fitness.FitnessServiceTest" time="0.056" tests="5" errors="0" skipped="0" failures="0">
  <properties>
[...]
</properties>
  <testcase name="testFilterClientsByMembership" classname="by.gstu.fitness.FitnessServiceTest" time="0.027"/>
  <testcase name="testFindLessonsByTrainer" classname="by.gstu.fitness.FitnessServiceTest" time="0.002"/>
  <testcase name="testFindLessonsByTrainerName" classname="by.gstu.fitness.FitnessServiceTest" time="0.002"/>
  <testcase name="testNoLessonsForUnknownTrainer" classname="by.gstu.fitness.FitnessServiceTest" time="0.001"/>
  <testcase name="testFilterActiveClientsByMembership" classname="by.gstu.fitness.FitnessServiceTest" time="0.001"/>
</testsuite>